Error: discarding overlapping duplicate rRNA feature (9811-11364) with ID=A8O17_RS00040
Error: discarding overlapping duplicate tRNA feature (11464-11540) with ID=A8O17_RS00045
Error: discarding overlapping duplicate tRNA feature (11552-11627) with ID=A8O17_RS00050
Error: discarding overlapping duplicate rRNA feature (11708-14640) with ID=A8O17_RS00055
Error: discarding overlapping duplicate rRNA feature (14692-14807) with ID=A8O17_RS00060
Error: discarding overlapping duplicate tRNA feature (22292-22384) with ID=A8O17_RS00095
Error: discarding overlapping duplicate ncRNA feature (26420-26684) with ID=A8O17_RS00125
Error: discarding overlapping duplicate rRNA feature (30279-31832) with ID=A8O17_RS00155
Error: discarding overlapping duplicate tRNA feature (31932-32008) with ID=A8O17_RS00160
Error: discarding overlapping duplicate tRNA feature (32020-32095) with ID=A8O17_RS00165
Error: discarding overlapping duplicate rRNA feature (32176-35108) with ID=A8O17_RS00170
Error: discarding overlapping duplicate rRNA feature (35237-35352) with ID=A8O17_RS00175
Error: discarding overlapping duplicate tRNA feature (70181-70257) with ID=A8O17_RS00385
Error: discarding overlapping duplicate tRNA feature (70267-70338) with ID=A8O17_RS00390
Error: discarding overlapping duplicate misc_feature feature (70538-70540) with ID=A8O17_RS00395_1
Error: discarding overlapping duplicate misc_feature feature (70690-70692) with ID=A8O17_RS00395_2
Error: discarding overlapping duplicate rRNA feature (88207-89760) with ID=A8O17_RS00490
Error: discarding overlapping duplicate rRNA feature (89924-92856) with ID=A8O17_RS00495
Error: discarding overlapping duplicate rRNA feature (92908-93023) with ID=A8O17_RS00500
Error: discarding overlapping duplicate tRNA feature (93046-93121) with ID=A8O17_RS00505
Error: discarding overlapping duplicate tRNA feature (93126-93201) with ID=A8O17_RS00510
Error: discarding overlapping duplicate tRNA feature (93238-93313) with ID=A8O17_RS00515
Error: discarding overlapping duplicate tRNA feature (93320-93402) with ID=A8O17_RS00520
Error: discarding overlapping duplicate tRNA feature (93443-93517) with ID=A8O17_RS00525
Error: discarding overlapping duplicate tRNA feature (93532-93617) with ID=A8O17_RS00530
Error: discarding overlapping duplicate tRNA feature (93627-93703) with ID=A8O17_RS00535
Error: discarding overlapping duplicate tRNA feature (93731-93807) with ID=A8O17_RS00540
Error: discarding overlapping duplicate tRNA feature (93817-93892) with ID=A8O17_RS00545
Error: discarding overlapping duplicate rRNA feature (94063-95616) with ID=A8O17_RS00550
Error: discarding overlapping duplicate rRNA feature (95780-98712) with ID=A8O17_RS00555
Error: discarding overlapping duplicate rRNA feature (98764-98879) with ID=A8O17_RS00560
Error: discarding overlapping duplicate fCDS feature (144983-145278) with ID=A8O17_RS00855
Error: discarding overlapping duplicate rRNA feature (158564-160116) with ID=A8O17_RS00955
Error: discarding overlapping duplicate rRNA feature (160280-163210) with ID=A8O17_RS00960
Error: discarding overlapping duplicate rRNA feature (163262-163377) with ID=A8O17_RS00965
Error: discarding overlapping duplicate tRNA feature (163423-163497) with ID=A8O17_RS00970
Error: discarding overlapping duplicate tRNA feature (163500-163572) with ID=A8O17_RS00975
Error: discarding overlapping duplicate tRNA feature (163629-163703) with ID=A8O17_RS00980
Error: discarding overlapping duplicate tRNA feature (163735-163811) with ID=A8O17_RS00985
Error: discarding overlapping duplicate tRNA feature (163839-163915) with ID=A8O17_RS00990
Error: discarding overlapping duplicate tRNA feature (163924-163999) with ID=A8O17_RS00995
Error: discarding overlapping duplicate rRNA feature (164170-165723) with ID=A8O17_RS01000
Error: discarding overlapping duplicate rRNA feature (165887-168815) with ID=A8O17_RS01005
Error: discarding overlapping duplicate rRNA feature (168867-168982) with ID=A8O17_RS01010
Error: discarding overlapping duplicate rRNA feature (169168-170719) with ID=A8O17_RS01015
Error: discarding overlapping duplicate rRNA feature (170883-173815) with ID=A8O17_RS01020
Error: discarding overlapping duplicate rRNA feature (173867-173982) with ID=A8O17_RS01025
Error: discarding overlapping duplicate tRNA feature (191875-191949) with ID=A8O17_RS01110
Error: discarding overlapping duplicate tRNA feature (191953-192028) with ID=A8O17_RS01115
Error: discarding overlapping duplicate tRNA feature (192033-192105) with ID=A8O17_RS01120
Error: discarding overlapping duplicate tRNA feature (192128-192212) with ID=A8O17_RS01125
Error: discarding overlapping duplicate tRNA feature (192217-192288) with ID=A8O17_RS01130
Error: discarding overlapping duplicate fCDS feature (387098-387773) with ID=A8O17_RS01985
Error: discarding overlapping duplicate tRNA feature (508342-508416) with ID=A8O17_RS02650
Error: discarding overlapping duplicate tRNA feature (508421-508511) with ID=A8O17_RS02655
Error: discarding overlapping duplicate tRNA feature (508541-508612) with ID=A8O17_RS02660
Error: discarding overlapping duplicate tRNA feature (508624-508698) with ID=A8O17_RS02665
Error: discarding overlapping duplicate tRNA feature (508725-508800) with ID=A8O17_RS02670
Error: discarding overlapping duplicate tRNA feature (508812-508893) with ID=A8O17_RS02675
Error: discarding overlapping duplicate tRNA feature (508974-509057) with ID=A8O17_RS02680
Error: discarding overlapping duplicate fCDS feature (520308-520574) with ID=A8O17_RS02745
Error: discarding overlapping duplicate fCDS feature (540383-540582) with ID=A8O17_RS20365
Error: discarding overlapping duplicate fCDS feature (593052-593905) with ID=A8O17_RS03145
Error: discarding overlapping duplicate tRNA feature (594239-594315) with ID=A8O17_RS03150
Error: discarding overlapping duplicate tRNA feature (594329-594402) with ID=A8O17_RS03155
Error: discarding overlapping duplicate rRNA feature (594563-596116) with ID=A8O17_RS03160
Error: discarding overlapping duplicate rRNA feature (596283-599215) with ID=A8O17_RS03165
Error: discarding overlapping duplicate rRNA feature (599267-599382) with ID=A8O17_RS03170
Error: discarding overlapping duplicate tRNA feature (599397-599473) with ID=A8O17_RS03175
Error: discarding overlapping duplicate tRNA feature (599534-599610) with ID=A8O17_RS03180
Error: discarding overlapping duplicate fCDS feature (611085-612176) with ID=A8O17_RS20375
Error: discarding overlapping duplicate fCDS feature (734337-735208) with ID=A8O17_RS03815
Error: discarding overlapping duplicate rRNA feature (894345-895898) with ID=A8O17_RS04620
Error: discarding overlapping duplicate rRNA feature (896065-898997) with ID=A8O17_RS04625
Error: discarding overlapping duplicate rRNA feature (899105-899220) with ID=A8O17_RS04630
Error: discarding overlapping duplicate tRNA feature (899230-899304) with ID=A8O17_RS04635
Error: discarding overlapping duplicate tRNA feature (899310-899401) with ID=A8O17_RS04640
Error: discarding overlapping duplicate tRNA feature (899436-899507) with ID=A8O17_RS04645
Error: discarding overlapping duplicate tRNA feature (899517-899592) with ID=A8O17_RS04650
Error: discarding overlapping duplicate tRNA feature (899602-899678) with ID=A8O17_RS04655
Error: discarding overlapping duplicate tRNA feature (899690-899766) with ID=A8O17_RS04660
Error: discarding overlapping duplicate tRNA feature (899779-899854) with ID=A8O17_RS04665
Error: discarding overlapping duplicate tRNA feature (899860-899932) with ID=A8O17_RS04670
Error: discarding overlapping duplicate tRNA feature (899955-900039) with ID=A8O17_RS04675
Error: discarding overlapping duplicate tRNA feature (900045-900118) with ID=A8O17_RS04680
Error: discarding overlapping duplicate tRNA feature (900143-900218) with ID=A8O17_RS04685
Error: discarding overlapping duplicate tRNA feature (900228-900299) with ID=A8O17_RS04690
Error: discarding overlapping duplicate tRNA feature (900349-900423) with ID=A8O17_RS04695
Error: discarding overlapping duplicate tRNA feature (900429-900499) with ID=A8O17_RS04700
Error: discarding overlapping duplicate tRNA feature (900507-900595) with ID=A8O17_RS04705
Error: discarding overlapping duplicate tRNA feature (900861-900942) with ID=A8O17_RS04710
Error: discarding overlapping duplicate tRNA feature (914713-914786) with ID=A8O17_RS04795
Error: discarding overlapping duplicate fCDS feature (1161179-1162809) with ID=A8O17_RS06055
Error: discarding overlapping duplicate tRNA feature (1210431-1210503) with ID=A8O17_RS06340
Error: discarding overlapping duplicate fCDS feature (1261293-1261613) with ID=A8O17_RS06625
Error: discarding overlapping duplicate fCDS feature (1359069-1359999) with ID=A8O17_RS07150
Error: discarding overlapping duplicate fCDS feature (1674282-1675071) with ID=A8O17_RS08770
Error: discarding overlapping duplicate fCDS feature (1695337-1695471) with ID=A8O17_RS20435
Error: discarding overlapping duplicate fCDS feature (1695763-1696482) with ID=A8O17_RS08865
Error: discarding overlapping duplicate fCDS feature (1696515-1696997) with ID=A8O17_RS08870
Error: discarding overlapping duplicate fCDS feature (1722330-1722560) with ID=A8O17_RS20820
Error: discarding overlapping duplicate fCDS feature (1733476-1733641) with ID=A8O17_RS20450
Error: discarding overlapping duplicate tRNA feature (1841752-1841824) with ID=A8O17_RS09520
Error: discarding overlapping duplicate fCDS feature (1900262-1900471) with ID=A8O17_RS20475
Error: discarding overlapping duplicate fCDS feature (1901915-1903023) with ID=A8O17_RS09845
Error: discarding overlapping duplicate ncRNA feature (1934403-1934589) with ID=A8O17_RS09995
Error: discarding overlapping duplicate ncRNA feature (2035408-2035788) with ID=A8O17_RS10605
Error: discarding overlapping duplicate fCDS feature (2181849-2181999) with ID=A8O17_RS20510
Error: discarding overlapping duplicate tRNA feature (2267962-2268032) with ID=A8O17_RS11955
Error: discarding overlapping duplicate fCDS feature (2357067-2357414) with ID=A8O17_RS12470
Error: discarding overlapping duplicate fCDS feature (2359827-2359955) with ID=A8O17_RS20905
Error: discarding overlapping duplicate fCDS feature (2359953-2360339) with ID=A8O17_RS12485
Error: discarding overlapping duplicate fCDS feature (2360345-2360737) with ID=A8O17_RS12490
Error: discarding overlapping duplicate fCDS feature (2360819-2361019) with ID=A8O17_RS20535
Error: discarding overlapping duplicate fCDS feature (2371255-2371539) with ID=A8O17_RS20920
Error: discarding overlapping duplicate fCDS feature (2393592-2393708) with ID=A8O17_RS21080
Error: discarding overlapping duplicate ncRNA feature (2473473-2473665) with ID=A8O17_RS13100
Error: discarding overlapping duplicate tRNA feature (2558799-2558872) with ID=A8O17_RS13530
Error: discarding overlapping duplicate tRNA feature (2830862-2830933) with ID=A8O17_RS14875
Error: discarding overlapping duplicate tRNA feature (2830959-2831049) with ID=A8O17_RS14880
Error: discarding overlapping duplicate tRNA feature (2831053-2831127) with ID=A8O17_RS14885
Error: discarding overlapping duplicate tRNA feature (2831138-2831214) with ID=A8O17_RS14890
Error: discarding overlapping duplicate tRNA feature (2831230-2831303) with ID=A8O17_RS14895
Error: discarding overlapping duplicate tRNA feature (2831314-2831389) with ID=A8O17_RS14900
Error: discarding overlapping duplicate tRNA feature (2831407-2831482) with ID=A8O17_RS14905
Error: discarding overlapping duplicate tRNA feature (2831495-2831571) with ID=A8O17_RS14910
Error: discarding overlapping duplicate tRNA feature (2831583-2831659) with ID=A8O17_RS14915
Error: discarding overlapping duplicate tRNA feature (2831677-2831769) with ID=A8O17_RS14920
Error: discarding overlapping duplicate tRNA feature (2831776-2831852) with ID=A8O17_RS14925
Error: discarding overlapping duplicate tRNA feature (2831855-2831931) with ID=A8O17_RS14930
Error: discarding overlapping duplicate tRNA feature (2831951-2832023) with ID=A8O17_RS14935
Error: discarding overlapping duplicate tRNA feature (2832029-2832105) with ID=A8O17_RS14940
Error: discarding overlapping duplicate tRNA feature (2832121-2832197) with ID=A8O17_RS14945
Error: discarding overlapping duplicate tRNA feature (2832207-2832292) with ID=A8O17_RS14950
Error: discarding overlapping duplicate tRNA feature (2832307-2832381) with ID=A8O17_RS14955
Error: discarding overlapping duplicate tRNA feature (2832387-2832473) with ID=A8O17_RS14960
Error: discarding overlapping duplicate tRNA feature (2832484-2832559) with ID=A8O17_RS14965
Error: discarding overlapping duplicate tRNA feature (2832597-2832672) with ID=A8O17_RS14970
Error: discarding overlapping duplicate tRNA feature (2832705-2832780) with ID=A8O17_RS14975
Error: discarding overlapping duplicate rRNA feature (2832803-2832918) with ID=A8O17_RS14980
Error: discarding overlapping duplicate rRNA feature (2832970-2835902) with ID=A8O17_RS14985
Error: discarding overlapping duplicate rRNA feature (2836069-2837622) with ID=A8O17_RS14990
Error: discarding overlapping duplicate tRNA feature (2853438-2853510) with ID=A8O17_RS15080
Error: discarding overlapping duplicate fCDS feature (3036002-3036742) with ID=A8O17_RS20635
Error: discarding overlapping duplicate fCDS feature (3039687-3041482) with ID=A8O17_RS16035
Error: discarding overlapping duplicate tmRNA feature (3109692-3110054) with ID=A8O17_RS16380
Error: discarding overlapping duplicate tRNA feature (3204872-3204947) with ID=A8O17_RS16855
Error: discarding overlapping duplicate fCDS feature (3268403-3268966) with ID=A8O17_RS17170
Error: discarding overlapping duplicate fCDS feature (3280601-3280955) with ID=A8O17_RS17210
Error: discarding overlapping duplicate fCDS feature (3317242-3317875) with ID=A8O17_RS17410
Error: discarding overlapping duplicate fCDS feature (3331184-3331386) with ID=A8O17_RS21000
Error: discarding overlapping duplicate fCDS feature (3400715-3401107) with ID=A8O17_RS17795
Error: discarding overlapping duplicate fCDS feature (3665970-3666641) with ID=A8O17_RS20730
Error: discarding overlapping duplicate fCDS feature (3781602-3782019) with ID=A8O17_RS20740
Error: discarding overlapping duplicate fCDS feature (3806097-3806285) with ID=A8O17_RS19895
Error: discarding overlapping duplicate tRNA feature (3813770-3813842) with ID=A8O17_RS19935
Error: discarding overlapping duplicate tRNA feature (3813878-3813954) with ID=A8O17_RS19940
Error: discarding overlapping duplicate tRNA feature (3814036-3814107) with ID=A8O17_RS19945
Error: discarding overlapping duplicate tRNA feature (3814117-3814192) with ID=A8O17_RS19950
Error: discarding overlapping duplicate fCDS feature (3830840-3831075) with ID=A8O17_RS21035
Error: discarding overlapping duplicate fCDS feature (3835661-3835838) with ID=A8O17_RS21040
Error: discarding overlapping duplicate fCDS feature (3846400-3846562) with ID=A8O17_RS20755
